app/build/outputs/logs/manifest-merger-debug-report.txt
-- Merging decision tree log ---
manifest
ADDED from src\main\AndroidManifest.xml:2:1-64:12
	package
		ADDED from src\main\AndroidManifest.xml:3:5-38
		INJECTED from src\main\AndroidManifest.xml
		INJECTED from src\main\AndroidManifest.xml
	android:versionName
		ADDED from src\main\AndroidManifest.xml:5:5-30
		INJECTED from src\main\AndroidManifest.xml
		INJECTED from src\main\AndroidManifest.xml
	android:versionCode
		ADDED from src\main\AndroidManifest.xml:4:5-28
		INJECTED from src\main\AndroidManifest.xml
		INJECTED from src\main\AndroidManifest.xml
	xmlns:android
		ADDED from src\main\AndroidManifest.xml:2:11-69
uses-sdk
ADDED from src\main\AndroidManifest.xml:7:5-9:41
	android:targetSdkVersion
		ADDED from src\main\AndroidManifest.xml:9:9-38
		INJECTED from src\main\AndroidManifest.xml
		INJECTED from src\main\AndroidManifest.xml
	android:minSdkVersion
		ADDED from src\main\AndroidManifest.xml:8:9-34
		INJECTED from src\main\AndroidManifest.xml
		INJECTED from src\main\AndroidManifest.xml
uses-permission#android.permission.INTERNET
ADDED from src\main\AndroidManifest.xml:11:5-67
	android:name
		ADDED from src\main\AndroidManifest.xml:11:22-64
uses-permission#android.permission.WRITE_EXTERNAL_STORAGE
ADDED from src\main\AndroidManifest.xml:12:5-81
	android:name
		ADDED from src\main\AndroidManifest.xml:12:22-78
uses-permission#android.permission.VIBRATE
ADDED from src\main\AndroidManifest.xml:13:5-66
	android:name
		ADDED from src\main\AndroidManifest.xml:13:22-63
uses-permission#android.permission.CAMERA
ADDED from src\main\AndroidManifest.xml:14:5-65
	android:name
		ADDED from src\main\AndroidManifest.xml:14:22-62
uses-permission#android.permission.READ_LOGS
ADDED from src\main\AndroidManifest.xml:15:6-69
	android:name
		ADDED from src\main\AndroidManifest.xml:15:23-66
uses-permission#android.permission.ACCESS_NETWORK_STATE
ADDED from src\main\AndroidManifest.xml:18:5-79
	android:name
		ADDED from src\main\AndroidManifest.xml:18:22-76
uses-permission#android.permission.DOWNLOAD_WITHOUT_NOTIFICATION
ADDED from src\main\AndroidManifest.xml:19:5-88
	android:name
		ADDED from src\main\AndroidManifest.xml:19:22-85
uses-permission#android.permission.ACCESS_WIFI_STATE
ADDED from src\main\AndroidManifest.xml:20:5-75
	android:name
		ADDED from src\main\AndroidManifest.xml:20:22-73
uses-permission#android.permission.READ_PHONE_STATE
ADDED from src\main\AndroidManifest.xml:21:5-74
	android:name
		ADDED from src\main\AndroidManifest.xml:21:22-72
uses-permission#android.permission.ACCESS_FINE_LOCATION
ADDED from src\main\AndroidManifest.xml:22:5-78
	android:name
		ADDED from src\main\AndroidManifest.xml:22:22-76
uses-permission#android.permission.GET_TASKS
ADDED from src\main\AndroidManifest.xml:23:5-67
	android:name
		ADDED from src\main\AndroidManifest.xml:23:22-65
uses-feature#android.hardware.camera
ADDED from src\main\AndroidManifest.xml:24:5-60
	android:name
		ADDED from src\main\AndroidManifest.xml:24:19-57
uses-feature#android.hardware.camera.autofocus
ADDED from src\main\AndroidManifest.xml:25:5-70
	android:name
		ADDED from src\main\AndroidManifest.xml:25:19-67
application
ADDED from src\main\AndroidManifest.xml:26:5-62:19
	android:label
		ADDED from src\main\AndroidManifest.xml:29:9-41
	android:allowBackup
		ADDED from src\main\AndroidManifest.xml:27:9-35
	android:icon
		ADDED from src\main\AndroidManifest.xml:28:9-45
	android:theme
		ADDED from src\main\AndroidManifest.xml:30:9-62
activity#com.jarvis.mytaobao.home.Main_FA
ADDED from src\main\AndroidManifest.xml:31:9-34:20
	android:label
		ADDED from src\main\AndroidManifest.xml:33:13-45
	android:name
		ADDED from src\main\AndroidManifest.xml:32:13-60
activity#com.My.Index_Activity
ADDED from src\main\AndroidManifest.xml:35:9-40:20
	android:name
		ADDED from src\main\AndroidManifest.xml:35:19-55
intent-filter#android.intent.action.MAIN+android.intent.category.LAUNCHER
ADDED from src\main\AndroidManifest.xml:36:13-39:25
action#android.intent.action.MAIN
ADDED from src\main\AndroidManifest.xml:37:13-65
	android:name
		ADDED from src\main\AndroidManifest.xml:37:21-62
category#android.intent.category.LAUNCHER
ADDED from src\main\AndroidManifest.xml:38:13-73
	android:name
		ADDED from src\main\AndroidManifest.xml:38:23-70
activity#com.My.Login_Activity
ADDED from src\main\AndroidManifest.xml:41:9-57
	android:name
		ADDED from src\main\AndroidManifest.xml:41:19-55
activity#com.My.Register_Avtivity
ADDED from src\main\AndroidManifest.xml:42:9-60
	android:name
		ADDED from src\main\AndroidManifest.xml:42:19-58
activity#com.My.zhongcan_Activity
ADDED from src\main\AndroidManifest.xml:43:9-60
	android:name
		ADDED from src\main\AndroidManifest.xml:43:19-58
activity#com.jarvis.mytaobao.home.BabyActivity
ADDED from src\main\AndroidManifest.xml:44:9-74
	android:name
		ADDED from src\main\AndroidManifest.xml:44:19-71
activity#com.jarvis.mytaobao.home.WareActivity
ADDED from src\main\AndroidManifest.xml:45:9-74
	android:name
		ADDED from src\main\AndroidManifest.xml:45:19-71
activity#com.jarvis.mytaobao.home.ShowBigPictrue
ADDED from src\main\AndroidManifest.xml:46:9-76
	android:name
		ADDED from src\main\AndroidManifest.xml:46:19-73
activity#com.jarvis.mytaobao.home.BuynowActivity
ADDED from src\main\AndroidManifest.xml:47:9-76
	android:name
		ADDED from src\main\AndroidManifest.xml:47:19-73
activity#com.jarvis.mytaobao.user.User_life
ADDED from src\main\AndroidManifest.xml:48:9-71
	android:name
		ADDED from src\main\AndroidManifest.xml:48:19-68
activity#com.jarvis.mytaobao.user.User_opinion
ADDED from src\main\AndroidManifest.xml:49:9-74
	android:name
		ADDED from src\main\AndroidManifest.xml:49:19-71
activity#com.jarvis.mytaobao.user.HelloSensor
ADDED from src\main\AndroidManifest.xml:50:9-73
	android:name
		ADDED from src\main\AndroidManifest.xml:50:19-70
activity#com.zxing.activity.CaptureActivity
ADDED from src\main\AndroidManifest.xml:53:9-59:20
	android:screenOrientation
		ADDED from src\main\AndroidManifest.xml:56:13-49
	android:windowSoftInputMode
		ADDED from src\main\AndroidManifest.xml:58:13-60
	android:configChanges
		ADDED from src\main\AndroidManifest.xml:55:13-63
	android:theme
		ADDED from src\main\AndroidManifest.xml:57:13-71
	android:name
		ADDED from src\main\AndroidManifest.xml:54:13-62